<?xml version="1.0" encoding="UTF-8"?>
<!-- Generated by org.testng.reporters.JUnitReportReporter -->
<testsuite hostname="HPEliteBook" failures="0" tests="6" name="org.testcaseone.TC002Login" time="29.041" errors="0" timestamp="2024-02-27T10:50:48 IST" skipped="0">
  <testcase classname="org.testcaseone.TC002Login" name="Testcase02" time="4.753"/>
  <system-out/>
  <testcase classname="org.testcaseone.TC002Login" name="Testcase02" time="4.843"/>
  <system-out/>
  <testcase classname="org.testcaseone.TC002Login" name="Testcase02" time="4.611"/>
  <system-out/>
  <testcase classname="org.testcaseone.TC002Login" name="Testcase02" time="4.918"/>
  <system-out/>
  <testcase classname="org.testcaseone.TC002Login" name="Testcase02" time="5.195"/>
  <system-out/>
  <testcase classname="org.testcaseone.TC002Login" name="Testcase02" time="4.721"/>
  <system-out/>
</testsuite> <!-- org.testcaseone.TC002Login -->
